<?xml version="1.0" encoding="UTF-8"?>
<!-- Generated by org.testng.reporters.JUnitXMLReporter -->
<testsuite hostname="Natalias-MBP.home" ignored="0" name="Default test" tests="5" failures="0" timestamp="2020-01-15T15:57:18 EST" time="90.762" errors="0">
  <testcase name="addEmployee" time="12.749" classname="HRMSystemTestNG.AddFiveEmployee"/>
  <testcase name="addEmployee" time="14.573" classname="HRMSystemTestNG.AddFiveEmployee"/>
  <testcase name="addEmployee" time="11.593" classname="HRMSystemTestNG.AddFiveEmployee"/>
  <testcase name="addEmployee" time="11.629" classname="HRMSystemTestNG.AddFiveEmployee"/>
  <testcase name="addEmployee" time="11.564" classname="HRMSystemTestNG.AddFiveEmployee"/>
</testsuite> <!-- Default test -->
