<?xml version="1.0" encoding="UTF-8"?>
<!-- Generated by org.testng.reporters.JUnitXMLReporter -->
<testsuite hostname="Natalias-MBP.home" ignored="29" name="Regression Test" tests="2" failures="1" timestamp="2020-01-17T01:49:35 EST" time="0.029" errors="0">
  <testcase name="test2" time="0.005" classname="com.class4.ListenersDemo"/>
  <testcase name="test2" time="0.014" classname="com.class4.ListenersDemo">
    <failure type="java.lang.NullPointerException">
      <![CDATA[java.lang.NullPointerException
at com.utils.CommonMethods.takeScreenshot(CommonMethods.java:218)
at com.utils.Listener.onTestSuccess(Listener.java:15)
at java.util.ArrayList.forEach(ArrayList.java:1257)
... Removed 24 stack frames]]>
    </failure>
  </testcase> <!-- test2 -->
  <testcase name="firstTest" time="0.0" classname="com.class1.Task1">
    <ignored/>
  </testcase> <!-- firstTest -->
  <testcase name="titleValidation" time="0.0" classname="com.class2.AssertionsDemo">
    <ignored/>
  </testcase> <!-- titleValidation -->
  <testcase name="testTwo" time="0.0" classname="com.class1.TestNGDemo">
    <ignored/>
  </testcase> <!-- testTwo -->
  <testcase name="loginValidation" time="0.0" classname="com.class1.TitleLogoLoginVerification">
    <ignored/>
  </testcase> <!-- loginValidation -->
  <testcase name="verifyLoginAndLogo" time="0.0" classname="com.class1.HW1">
    <ignored/>
  </testcase> <!-- verifyLoginAndLogo -->
  <testcase name="loginValidation" time="0.0" classname="com.class4.LoginAndTitle">
    <ignored/>
  </testcase> <!-- loginValidation -->
  <testcase name="testThree" time="0.0" classname="com.class1.TestNGDemo">
    <ignored/>
  </testcase> <!-- testThree -->
  <testcase name="loginAndLogo" time="0.0" classname="com.class2.SortAssertDemo">
    <ignored/>
  </testcase> <!-- loginAndLogo -->
  <testcase name="verifyLoginAndLogo" time="0.0" classname="com.class2.Task">
    <ignored/>
  </testcase> <!-- verifyLoginAndLogo -->
  <testcase name="titleValidation" time="0.0" classname="com.class3.Groups">
    <ignored/>
  </testcase> <!-- titleValidation -->
  <testcase name="verifyLoginAndMsg" time="0.0" classname="com.class1.HW1">
    <ignored/>
  </testcase> <!-- verifyLoginAndMsg -->
  <testcase name="titleValidation" time="0.0" classname="com.class4.LoginAndTitle">
    <ignored/>
  </testcase> <!-- titleValidation -->
  <testcase name="titleValidation" time="0.0" classname="com.class1.TitleLogoLoginVerification">
    <ignored/>
  </testcase> <!-- titleValidation -->
  <testcase name="test" time="0.0" classname="com.class1.DifferentAnnotattions">
    <ignored/>
  </testcase> <!-- test -->
  <testcase name="verifyLoginAndMsg" time="0.0" classname="com.class2.Task">
    <ignored/>
  </testcase> <!-- verifyLoginAndMsg -->
  <testcase name="testMethod" time="0.0" classname="com.class3.AlwaysRun">
    <ignored/>
  </testcase> <!-- testMethod -->
  <testcase name="logoValidation" time="0.0" classname="com.class2.AssertionsDemo">
    <ignored/>
  </testcase> <!-- logoValidation -->
  <testcase name="testMult" time="0.0" classname="com.class1.Task">
    <ignored/>
  </testcase> <!-- testMult -->
  <testcase name="login" time="0.0" classname="com.class2.Task2">
    <ignored/>
  </testcase> <!-- login -->
  <testcase name="testAddition" time="0.0" classname="com.class1.Task">
    <ignored/>
  </testcase> <!-- testAddition -->
  <testcase name="testOne" time="0.0" classname="com.class1.TestNGDemo">
    <ignored/>
  </testcase> <!-- testOne -->
  <testcase name="secondTest" time="0.0" classname="com.class1.Task1">
    <ignored/>
  </testcase> <!-- secondTest -->
  <testcase name="logoValidation" time="0.0" classname="com.class4.LoginAndTitle">
    <ignored/>
  </testcase> <!-- logoValidation -->
  <testcase name="testDivision" time="0.0" classname="com.class1.Task">
    <ignored/>
  </testcase> <!-- testDivision -->
  <testcase name="logoValidation" time="0.0" classname="com.class1.TitleLogoLoginVerification">
    <ignored/>
  </testcase> <!-- logoValidation -->
  <testcase name="validationOfLogo" time="0.0" classname="com.class2.HW">
    <ignored/>
  </testcase> <!-- validationOfLogo -->
  <testcase name="verifyLogin" time="0.0" classname="com.class3.DataProviderDemo">
    <ignored/>
  </testcase> <!-- verifyLogin -->
  <testcase name="validationOfMessage" time="0.0" classname="com.class2.HW">
    <ignored/>
  </testcase> <!-- validationOfMessage -->
  <testcase name="testMethodTwo" time="0.0" classname="com.class3.AlwaysRun">
    <ignored/>
  </testcase> <!-- testMethodTwo -->
</testsuite> <!-- Regression Test -->
