<?xml version="1.0" encoding="UTF-8"?>
<!-- Generated by org.testng.reporters.JUnitXMLReporter -->
<testsuite hostname="Natalias-MBP.home" ignored="3" name="Regression Test" tests="2" failures="2" timestamp="2020-01-16T21:22:45 EST" time="0.047" errors="0">
  <testcase name="test1" time="0.013" classname="com.class4.ListenersDemo">
    <failure type="java.lang.AssertionError" message="did not expect to find [true] but found [false]">
      <![CDATA[java.lang.AssertionError: did not expect to find [true] but found [false]
at com.class4.ListenersDemo.test1(ListenersDemo.java:11)
at java.util.ArrayList.forEach(ArrayList.java:1257)
... Removed 31 stack frames]]>
    </failure>
  </testcase> <!-- test1 -->
  <testcase name="test1" time="0.031" classname="com.class4.ListenersDemo">
    <failure type="java.lang.NullPointerException">
      <![CDATA[java.lang.NullPointerException
at com.utils.CommonMethods.takeScreenshot(CommonMethods.java:213)
at com.utils.Listener.onTestFailure(Listener.java:19)
at java.util.ArrayList.forEach(ArrayList.java:1257)
... Removed 24 stack frames]]>
    </failure>
  </testcase> <!-- test1 -->
  <testcase name="logoValidation" time="0.0" classname="com.class4.LoginAndTitle">
    <ignored/>
  </testcase> <!-- logoValidation -->
  <testcase name="titleValidation" time="0.0" classname="com.class4.LoginAndTitle">
    <ignored/>
  </testcase> <!-- titleValidation -->
  <testcase name="loginValidation" time="0.0" classname="com.class4.LoginAndTitle">
    <ignored/>
  </testcase> <!-- loginValidation -->
</testsuite> <!-- Regression Test -->
