<?xml version="1.0" encoding="UTF-8"?>
<testng-results skipped="0" failed="0" ignored="0" total="3" passed="3">
  <reporter-output>
  </reporter-output>
  <suite name="Default suite" duration-ms="7558" started-at="2020-01-15T01:27:09 EST" finished-at="2020-01-15T01:27:17 EST">
    <groups>
      <group name="Dashboard">
        <method signature="Dashboard.dashboard()[pri:1, instance:HRMSystemTestNG.Dashboard@7d907bac]" name="dashboard" class="HRMSystemTestNG.Dashboard"/>
        <method signature="Dashboard.employeeDistribution()[pri:3, instance:HRMSystemTestNG.Dashboard@7d907bac]" name="employeeDistribution" class="HRMSystemTestNG.Dashboard"/>
        <method signature="Dashboard.quickLaunch()[pri:2, instance:HRMSystemTestNG.Dashboard@7d907bac]" name="quickLaunch" class="HRMSystemTestNG.Dashboard"/>
      </group> <!-- Dashboard -->
    </groups>
    <test name="Default test" duration-ms="7558" started-at="2020-01-15T01:27:09 EST" finished-at="2020-01-15T01:27:17 EST">
      <class name="HRMSystemTestNG.Dashboard">
        <test-method status="PASS" signature="login()[pri:0, instance:HRMSystemTestNG.Dashboard@7d907bac]" name="login" is-config="true" duration-ms="6071" started-at="2020-01-15T01:27:09 EST" finished-at="2020-01-15T01:27:15 EST">
          <reporter-output>
          </reporter-output>
        </test-method> <!-- login -->
        <test-method status="PASS" signature="dashboard()[pri:1, instance:HRMSystemTestNG.Dashboard@7d907bac]" name="dashboard" duration-ms="37" started-at="2020-01-15T01:27:15 EST" finished-at="2020-01-15T01:27:15 EST">
          <reporter-output>
          </reporter-output>
        </test-method> <!-- dashboard -->
        <test-method status="PASS" signature="quickLaunch()[pri:2, instance:HRMSystemTestNG.Dashboard@7d907bac]" name="quickLaunch" duration-ms="614" started-at="2020-01-15T01:27:15 EST" finished-at="2020-01-15T01:27:16 EST">
          <reporter-output>
          </reporter-output>
        </test-method> <!-- quickLaunch -->
        <test-method status="PASS" signature="employeeDistribution()[pri:3, instance:HRMSystemTestNG.Dashboard@7d907bac]" name="employeeDistribution" duration-ms="195" started-at="2020-01-15T01:27:16 EST" finished-at="2020-01-15T01:27:16 EST">
          <reporter-output>
          </reporter-output>
        </test-method> <!-- employeeDistribution -->
        <test-method status="PASS" signature="screensShot()[pri:0, instance:HRMSystemTestNG.Dashboard@7d907bac]" name="screensShot" is-config="true" duration-ms="607" started-at="2020-01-15T01:27:16 EST" finished-at="2020-01-15T01:27:17 EST">
          <reporter-output>
          </reporter-output>
        </test-method> <!-- screensShot -->
        <test-method status="PASS" signature="tearDown()[pri:0, instance:HRMSystemTestNG.Dashboard@7d907bac]" name="tearDown" is-config="true" duration-ms="85" started-at="2020-01-15T01:27:17 EST" finished-at="2020-01-15T01:27:17 EST">
          <reporter-output>
          </reporter-output>
        </test-method> <!-- tearDown -->
      </class> <!-- HRMSystemTestNG.Dashboard -->
    </test> <!-- Default test -->
  </suite> <!-- Default suite -->
</testng-results>
